<?xml version="1.0" encoding="UTF-8"?>
<testng-results ignored="0" total="3" passed="3" failed="0" skipped="0">
  <reporter-output>
  </reporter-output>
  <suite started-at="2022-10-31T09:55:17 EDT" name="Default suite" finished-at="2022-10-31T09:55:32 EDT" duration-ms="15146">
    <groups>
    </groups>
    <test started-at="2022-10-31T09:55:17 EDT" name="Default test" finished-at="2022-10-31T09:55:32 EDT" duration-ms="15146">
      <class name="com.firelawn.testng.ShoppingCartTest">
        <test-method is-config="true" signature="setUp(java.lang.String)[pri:0, instance:com.firelawn.testng.ShoppingCartTest@1ed1993a]" started-at="2022-10-31T09:55:17 EDT" name="setUp" finished-at="2022-10-31T09:55:25 EDT" duration-ms="7970" status="PASS">
          <params>
            <param index="0">
              <value>
                <![CDATA[chrome]]>
              </value>
            </param>
          </params>
          <reporter-output>
          </reporter-output>
        </test-method> <!-- setUp -->
        <test-method signature="signin(java.lang.String, java.lang.String)[pri:0, instance:com.firelawn.testng.ShoppingCartTest@1ed1993a]" started-at="2022-10-31T09:55:26 EDT" name="signin" data-provider="signin" finished-at="2022-10-31T09:55:27 EDT" duration-ms="1010" status="PASS">
          <params>
            <param index="0">
              <value>
                <![CDATA[mahithaprasad03@gmail.com]]>
              </value>
            </param>
            <param index="1">
              <value>
                <![CDATA[Demo@123]]>
              </value>
            </param>
          </params>
          <reporter-output>
          </reporter-output>
        </test-method> <!-- signin -->
        <test-method signature="addToCart()[pri:1, instance:com.firelawn.testng.ShoppingCartTest@1ed1993a]" started-at="2022-10-31T09:55:27 EDT" name="addToCart" finished-at="2022-10-31T09:55:28 EDT" duration-ms="1286" status="PASS">
          <reporter-output>
          </reporter-output>
        </test-method> <!-- addToCart -->
        <test-method signature="removeFromCart()[pri:2, instance:com.firelawn.testng.ShoppingCartTest@1ed1993a]" started-at="2022-10-31T09:55:28 EDT" name="removeFromCart" finished-at="2022-10-31T09:55:32 EDT" duration-ms="3577" status="PASS">
          <reporter-output>
          </reporter-output>
        </test-method> <!-- removeFromCart -->
        <test-method is-config="true" signature="closeBrowser()[pri:0, instance:com.firelawn.testng.ShoppingCartTest@1ed1993a]" started-at="2022-10-31T09:55:32 EDT" name="closeBrowser" finished-at="2022-10-31T09:55:32 EDT" duration-ms="498" status="PASS">
          <reporter-output>
          </reporter-output>
        </test-method> <!-- closeBrowser -->
      </class> <!-- com.firelawn.testng.ShoppingCartTest -->
    </test> <!-- Default test -->
  </suite> <!-- Default suite -->
</testng-results>
