<?xml version="1.0" encoding="UTF-8"?>
<!-- Generated by org.testng.reporters.JUnitXMLReporter -->
<testsuite ignored="0" hostname="Mahitha" failures="0" tests="3" name="Default test" time="15.146" errors="0" timestamp="2022-10-31T09:55:32 EDT">
  <testcase classname="com.firelawn.testng.ShoppingCartTest" name="signin" time="1.01"/>
  <testcase classname="com.firelawn.testng.ShoppingCartTest" name="addToCart" time="1.286"/>
  <testcase classname="com.firelawn.testng.ShoppingCartTest" name="removeFromCart" time="3.577"/>
</testsuite> <!-- Default test -->
